<?xml version="1.0" encoding="UTF-8"?>
<!-- Generated by org.testng.reporters.JUnitXMLReporter -->
<testsuite hostname="Jake" ignored="0" name="ValidateUnitOfMeasure" tests="1" failures="1" timestamp="23 Sep 2017 14:38:06 GMT" time="49.095" errors="0">
  <testcase name="ValidateDefineUnitofMeasureforQuantity" time="24.453" classname="com.automation.inventorymanagement.ValidateUnitOfMeasure">
    <failure type="java.lang.AssertionError" message="asd">
      <![CDATA[java.lang.AssertionError: asd
	at com.automation.inventorymanagement.ValidateUnitOfMeasure.ValidateDefineUnitofMeasureforQuantity(ValidateUnitOfMeasure.java:53)
... Removed 26 stack frames]]>
    </failure>
  </testcase> <!-- ValidateDefineUnitofMeasureforQuantity -->
</testsuite> <!-- ValidateUnitOfMeasure -->
